[handleMsg]:  {
  key: {
    remoteJid: '573113884877@s.whatsapp.net',
    fromMe: false,
    id: 'BFC0C5686EFE13A0C110C4EF09A7E8D4',
    participant: undefined
  },
  messageTimestamp: 1717509267,
  pushName: 'Cheryf',
  broadcast: false,
  message: Message {
    conversation: 'Hola',
    messageContextInfo: MessageContextInfo {
      deviceListMetadata: [DeviceListMetadata],
      deviceListMetadataVersion: 2
    }
  },
  body: 'Hola',
  from: '573113884877'
}
[QUEUE_SE_ENVIO]:  {
  ref: 'ans_6a9f8bf5-cb67-472d-823a-ec3725918c7c',
  keyword: 'key_117187fe-f651-4fc9-b1a4-d6cf9187cf3c',
  answer: 'Bienvenido a soporte TI\natenderemos tu solicitud',
  options: {
    media: null,
    buttons: [],
    capture: false,
    child: null,
    delay: 0,
    idle: null,
    ref: null,
    nested: [],
    keyword: {},
    callback: false
  },
  refSerialize: 'efc6c1d8674c9c85370aea560022e4d2'
}
[QUEUE_SE_ENVIO]:  {
  ref: 'ans_d9efa1e6-973c-4f5d-99bf-c9e1d5545f8e',
  keyword: 'ans_6a9f8bf5-cb67-472d-823a-ec3725918c7c',
  answer: '¿De qué sede te comunicas?\n' +
    'La 33\n' +
    'Floresta\n' +
    'Pedregal\n' +
    'Sabaneta parque\n' +
    'Sabaneta avenida\n' +
    'Almendros\n' +
    'San Joaquin\n' +
    'Rionegro\n' +
    'San Antonio De Prado',
  options: {
    media: null,
    buttons: [],
    capture: true,
    child: null,
    delay: 0,
    idle: null,
    ref: null,
    nested: [],
    keyword: {},
    callback: true
  },
  refSerialize: '3bcca7f6454717fdffafe30a282bd633'
}
[handleMsg]:  {
  key: {
    remoteJid: '573113884877@s.whatsapp.net',
    fromMe: false,
    id: '777491F6E7B5C72C66C4E97720F02CE8',
    participant: undefined
  },
  messageTimestamp: 1717509270,
  pushName: 'Cheryf',
  broadcast: false,
  message: Message {
    conversation: 'La 33',
    messageContextInfo: MessageContextInfo {
      deviceListMetadata: [DeviceListMetadata],
      deviceListMetadataVersion: 2
    }
  },
  body: 'La 33',
  from: '573113884877'
}
[QUEUE_SE_ENVIO]:  {
  ref: 'ans_0ef33eff-427e-4ddc-a08f-3ae11c992517',
  keyword: 'ans_d9efa1e6-973c-4f5d-99bf-c9e1d5545f8e',
  answer: 'Ingresa el área donde se presenta el inconveniente: \n' +
    'Administración\n' +
    'Lineal de cajas\n' +
    'Recibo\n' +
    'CCTV',
  options: {
    media: null,
    buttons: [],
    capture: false,
    child: null,
    delay: 0,
    idle: null,
    ref: null,
    nested: [],
    keyword: {},
    callback: false
  },
  refSerialize: '8bd4154b217ac35fb4db5523877d45ce'
}
[handleMsg]:  {
  key: {
    remoteJid: '573113884877@s.whatsapp.net',
    fromMe: false,
    id: '2B100821C6F309773863E06DFADE2FA3',
    participant: undefined
  },
  messageTimestamp: 1717509278,
  pushName: 'Cheryf',
  broadcast: false,
  message: Message {
    conversation: 'Lineal de cajas',
    messageContextInfo: MessageContextInfo {
      deviceListMetadata: [DeviceListMetadata],
      deviceListMetadataVersion: 2
    }
  },
  body: 'Lineal de cajas',
  from: '573113884877'
}
[QUEUE_SE_ENVIO]:  {
  ref: 'ans_a26d0774-3ba6-41aa-8293-634eb94047fa',
  keyword: 'key_2ad8d3aa-5d5f-4746-afaa-ae74c7cbc8c5',
  answer: 'Selecciona cuál es el caso: \n' +
    '1- Impresora no imprime\n' +
    '2- No permite realizar procedimientos\n' +
    '3- Equipo sin conexión o navegación\n' +
    '4- Balanza no pesa o descalibrada\n' +
    '5- Datafono dice pos sin conexión',
  options: {
    media: null,
    buttons: [],
    capture: true,
    child: null,
    delay: 0,
    idle: null,
    ref: null,
    nested: [],
    keyword: {},
    callback: true
  },
  refSerialize: 'ffa8536f54ec99972d7767c3c5556dd2'
}
[handleMsg]:  {
  key: {
    remoteJid: '573113884877@s.whatsapp.net',
    fromMe: false,
    id: '3305EC2FC3ED93D96600EC9D71F1B320',
    participant: undefined
  },
  messageTimestamp: 1717509280,
  pushName: 'Cheryf',
  broadcast: false,
  message: Message {
    conversation: '1',
    messageContextInfo: MessageContextInfo {
      deviceListMetadata: [DeviceListMetadata],
      deviceListMetadataVersion: 2
    }
  },
  body: '1',
  from: '573113884877'
}
[QUEUE_SE_ENVIO]:  {
  ref: 'ans_917701b9-9803-4d8f-ae8c-006404e01fc9',
  keyword: 'ans_a26d0774-3ba6-41aa-8293-634eb94047fa',
  answer: 'Escribe una breve descripción del caso: ',
  options: {
    media: null,
    buttons: [],
    capture: true,
    child: null,
    delay: 0,
    idle: null,
    ref: null,
    nested: [],
    keyword: {},
    callback: true
  },
  refSerialize: '599e05ebcc91ed993b6fc62ddcd62317'
}
[handleMsg]:  {
  key: {
    remoteJid: '573113884877@s.whatsapp.net',
    fromMe: false,
    id: '06AB11BF1B4820584396D7F7C18330F9',
    participant: undefined
  },
  messageTimestamp: 1717509301,
  pushName: 'Cheryf',
  broadcast: false,
  message: Message {
    imageMessage: ImageMessage {
      interactiveAnnotations: [],
      scanLengths: [Array],
      url: 'https://mmg.whatsapp.net/v/t62.7118-24/31863232_845237570799852_3881868074551897049_n.enc?ccb=11-4&oh=01_Q5AaIFXCApxBwSI27JaWERTlrh77ZUuhzv2fsJgFtADXsfBk&oe=668689BF&_nc_sid=5e03e0&mms3=true',
      mimetype: 'image/jpeg',
      caption: 'Prueba lineal',
      fileSha256: [Uint8Array],
      fileLength: [Long],
      height: 900,
      width: 1600,
      mediaKey: [Uint8Array],
      fileEncSha256: [Uint8Array],
      directPath: '/v/t62.7118-24/31863232_845237570799852_3881868074551897049_n.enc?ccb=11-4&oh=01_Q5AaIFXCApxBwSI27JaWERTlrh77ZUuhzv2fsJgFtADXsfBk&oe=668689BF&_nc_sid=5e03e0',
      mediaKeyTimestamp: [Long],
      jpegThumbnail: [Uint8Array],
      scansSidecar: [Uint8Array],
      midQualityFileSha256: [Uint8Array]
    },
    messageContextInfo: MessageContextInfo {
      deviceListMetadata: [DeviceListMetadata],
      deviceListMetadataVersion: 2
    }
  },
  body: '_event_media__08b39af6-eef2-48b9-90fc-d39bf7606888',
  from: '573113884877'
}
