573113884877:ENCOLADO ans_797c850d-61d2-4f70-9749-f92a548634c2
EJECUTANDO:ans_797c850d-61d2-4f70-9749-f92a548634c2
573113884877:SUCCESS
573113884877:ENCOLADO ans_57e3157e-d7d4-4c96-a242-99754037a874
EJECUTANDO:ans_57e3157e-d7d4-4c96-a242-99754037a874
573113884877:SUCCESS
573113884877:ENCOLADO ans_ac2ab02e-6d4f-488c-8e4e-1639ffaca61c
EJECUTANDO:ans_ac2ab02e-6d4f-488c-8e4e-1639ffaca61c
573113884877:SUCCESS
573113884877:ENCOLADO ans_635082f5-a8cd-467d-a049-65fe158f58ae
EJECUTANDO:ans_635082f5-a8cd-467d-a049-65fe158f58ae
573113884877:SUCCESS
573113884877:ENCOLADO ans_5fab353d-adf5-44c1-aeae-712cb8b4b4c3
EJECUTANDO:ans_5fab353d-adf5-44c1-aeae-712cb8b4b4c3
573113884877:SUCCESS
573113884877:ENCOLADO ans_797c850d-61d2-4f70-9749-f92a548634c2
EJECUTANDO:ans_797c850d-61d2-4f70-9749-f92a548634c2
573113884877:SUCCESS
573113884877:ENCOLADO ans_57e3157e-d7d4-4c96-a242-99754037a874
EJECUTANDO:ans_57e3157e-d7d4-4c96-a242-99754037a874
573113884877:SUCCESS
573113884877:ENCOLADO ans_ac2ab02e-6d4f-488c-8e4e-1639ffaca61c
EJECUTANDO:ans_ac2ab02e-6d4f-488c-8e4e-1639ffaca61c
573113884877:SUCCESS
573113884877:ENCOLADO ans_635082f5-a8cd-467d-a049-65fe158f58ae
EJECUTANDO:ans_635082f5-a8cd-467d-a049-65fe158f58ae
573113884877:SUCCESS
573113884877:ENCOLADO ans_5fab353d-adf5-44c1-aeae-712cb8b4b4c3
EJECUTANDO:ans_5fab353d-adf5-44c1-aeae-712cb8b4b4c3
573113884877:SUCCESS
